<!DOCTYPE html>
<html>
<head>
<title>Cucumber-JVM Html Reports - Tag: @Ordering</title>

<meta http-equiv="Content-Type" content="text/html; charset=UTF-8" />
<script type="text/javascript" src="jquery.min.js"></script>
<script type="text/javascript" src="jquery.tablesorter.min.js"></script>
<script type="text/javascript" src="bootstrap.min.js"></script>

<script type="text/javascript" src="highcharts.js"></script>
<script type="text/javascript" src="highcharts-3d.js"></script>

<link rel="stylesheet" href="bootstrap.min.css" type="text/css"/>

<link rel="stylesheet" href="reporting.css" type="text/css"/>

<script type="text/javascript">
$(document).ready(function() {
    $("#tablesorter").tablesorter();
});
</script>



</head>
<body>

<nav class="navbar navbar-default navbar-fixed-top" id="navigation">
  <div class="container-fluid">
    <div class="collapse navbar-collapse">
      <p class="navbar-text navbar-left">Cucumber-jvm Report</p>
      <ul class="nav navbar-nav navbar-right">
                <li role="presentation" ><a href="feature-overview.html">Features</a></li>
        <li role="presentation" ><a href="tag-overview.html">Tags</a></li>
        <li role="presentation" ><a href="step-overview.html">Steps</a></li>
      </ul>
    </div>
  </div>
</nav>

<div class="container-fluid" id="summary">
  <div class="row">
    <div class="col-md-6">
      <table class="table table-bordered">
        <thead>
          <tr>
            <th>Project</th>
                          <th>Number</th>
                        <th>Date</th>
          </tr>
        </thead>
        <tbody>
          <tr class="info">
            <td>DiningEdgeTestAutomatedTestsEngine</td>
                          <td>101</td>
                        <td>08 Nov 2019, 21:10</td>
          </tr>
        </tbody>
      </table>
    </div>
  </div>
</div>

<div class="container-fluid" id="title">
  <h2>Tag Report</h2>
  </div>


<div class="container-fluid" id="report-summary">
  <table class="stats-table">
    <thead>
  <tr class="header">
        <th></th>
    <th id="stats-header-scenarios" colspan="3">Scenarios</th>
    <th id="stats-header-steps" colspan="7">Steps</th>
    <th></th>
    <th></th>
  </tr>
  <tr>
    <th id="stats-header-key">Tag</th>
        <th id="stats-header-scenarios-total">Total</th>
    <th id="stats-header-scenarios-passed">Passed</th>
    <th id="stats-header-scenarios-failed">Failed</th>
    <th id="stats-header-steps-total">Total</th>
    <th id="stats-header-steps-passed"    class="passed">Passed</th>
    <th id="stats-header-steps-failed"    class="failed">Failed</th>
    <th id="stats-header-steps-skipped"   class="skipped">Skipped</th>
    <th id="stats-header-steps-pending"   class="pending">Pending</th>
    <th id="stats-header-steps-undefined" class="undefined">Undefined</th>
    <th id="stats-header-steps-missing"   class="missing">Missing</th>
    <th id="stats-header-duration">Duration</th>
    <th id="stats-header-status">Status</th>
  </tr>
</thead>
    <tr>
      <td class="tagname"><a href="Ordering.html">@Ordering</a></td>
      <td>1</td>
      <td>0</td>
      <td>1</td>
      <td>29</td>
      <td>18</td>
      <td   class="failed"    >1</td>
      <td    class="skipped"   >10</td>
      <td >0</td>
      <td >0</td>
      <td >0</td>
      <td class="duration-format">3m 43s 818ms</td>
      <td class="failed">Failed</td>
    </tr>
  </table>
</div>

<div class="container-fluid" id="report-details">
      <a href="EtoEfromOrderEdge-feature.html">View Feature File</a>
    <div class="feature-tags"><a href="EndToEndOrdering.html">@EndToEndOrdering</a>, <a href="OrderEdge.html">@OrderEdge</a>, <a href="Ordering.html">@Ordering</a></div>
    
    <div class="failed"><span class="element-keyword">Scenario Outline: </span><span class="element-name">Ordering for one vendor : Place order from Order edge</span></div>
          <div class="passed"><span class="step-keyword">Given  </span><span class="step-name">user is on adminApp home page</span><span class="step-duration">07s 106ms</span></div>
      
            <div></div>
      <div></div>
          <div class="passed"><span class="step-keyword">When  </span><span class="step-name">Create a new Company &quot;testCompany11Oct19&quot; in adminApp</span><span class="step-duration">09s 290ms</span></div>
      
            <div></div>
      <div></div>
          <div class="passed"><span class="step-keyword">And  </span><span class="step-name">Create &quot;testUser2Oct19&quot; and assign &quot;testCompany11Oct19&quot; in adminApp</span><span class="step-duration">17s 847ms</span></div>
      
            <div></div>
      <div></div>
          <div class="passed"><span class="step-keyword">And  </span><span class="step-name">Login DE webApp with &quot;testUser2Oct19&quot;</span><span class="step-duration">19s 120ms</span></div>
      
            <div></div>
      <div></div>
          <div class="passed"><span class="step-keyword">And  </span><span class="step-name">Go to settings page</span><span class="step-duration">03s 339ms</span></div>
      
            <div></div>
      <div></div>
          <div class="passed"><span class="step-keyword">And  </span><span class="step-name">Create a new location &quot;2Oct&quot; with required basic and notification tab details</span><span class="step-duration">08s 624ms</span></div>
      
            <div></div>
      <div></div>
          <div class="passed"><span class="step-keyword">Then  </span><span class="step-name">Verify the created location</span><span class="step-duration">01s 757ms</span></div>
      
            <div></div>
      <div></div>
          <div class="passed"><span class="step-keyword">When  </span><span class="step-name">Create a new vendor &quot;US Foods&quot;</span><span class="step-duration">10s 333ms</span></div>
      
            <div></div>
      <div></div>
          <div class="passed"><span class="step-keyword">Then  </span><span class="step-name">Verify the created vendor &quot;US Foods&quot;</span><span class="step-duration">01s 315ms</span></div>
      
            <div></div>
      <div></div>
          <div class="passed"><span class="step-keyword">When  </span><span class="step-name">Edit vendor to add the Order notification E-mail addresses</span><span class="step-duration">07s 513ms</span></div>
      
            <div></div>
      <div></div>
          <div class="passed"><span class="step-keyword">And  </span><span class="step-name">Navigate to manage product list</span><span class="step-duration">03s 267ms</span></div>
      
            <div></div>
      <div></div>
          <div class="passed"><span class="step-keyword">And  </span><span class="step-name">Create a new product list as &quot;productList1&quot; and assign to &quot;2Oct&quot;</span><span class="step-duration">12s 948ms</span></div>
      
            <div></div>
      <div></div>
          <div class="passed"><span class="step-keyword">Then  </span><span class="step-name">Verify the created productList</span><span class="step-duration">03s 065ms</span></div>
      
            <div></div>
      <div></div>
          <div class="passed"><span class="step-keyword">When  </span><span class="step-name">Navigate to product list in manage items</span><span class="step-duration">07s 110ms</span></div>
      
            <div></div>
      <div></div>
          <div class="passed"><span class="step-keyword">And  </span><span class="step-name">Import a valid product list file</span><span class="step-duration">03s 628ms</span></div>
      
            <div></div>
      <div></div>
          <div class="passed"><span class="step-keyword">Then  </span><span class="step-name">Verify the count of products imported from product list file</span><span class="step-duration">05s 048ms</span></div>
      
            <div></div>
      <div></div>
          <div class="passed"><span class="step-keyword">When  </span><span class="step-name">Switch to adminApp</span><span class="step-duration">18s 007ms</span></div>
      
            <div></div>
      <div></div>
          <div class="passed"><span class="step-keyword">And  </span><span class="step-name">Go to order guides in vendors in adminApp</span><span class="step-duration">07s 235ms</span></div>
      
            <div></div>
      <div></div>
          <div class="failed"><span class="step-keyword">And  </span><span class="step-name">Create a new order guide with file &quot;USF GP&quot; in adminApp</span><span class="step-duration">1m 17s 258ms</span><div class="output_message"><input class="output_collapse" id="output_1548037813" type="checkbox"><label for="output_1548037813">org.openqa.selenium.NoSuchElementException: loc_chk_LocationSelect is not found on OrderGuidePage</label><div>For documentation on this error, please visit: http://seleniumhq.org/exceptions/no_such_element.html<br/>Build info: version: '2.53.0', revision: '35ae25b1534ae328c771e0856c93e187490ca824', time: '2016-03-15 10:43:46'<br/>System info: host: 'LAPTOP-Q8UFPO8Q', ip: '192.168.0.30', os.name: 'Windows 10', os.arch: 'amd64', os.version: '10.0', java.version: '1.8.0_231'<br/>Driver info: driver.version: unknown<br/>	at com.de.ui.elements.UIElement.getWrappedElement(UIElement.java:189)<br/>	at com.de.ui.elements.UIElement.click(UIElement.java:95)<br/>	at com.de.adminApp.pageObjects.OrderGuidePage.addOrderGuide(OrderGuidePage.java:64)<br/>	at com.de.deApp.stepdefinition.EtoEfromOrderEdgeStepDefinition.create_a_new_order_guide_with_file_in_adminApp(EtoEfromOrderEdgeStepDefinition.java:263)<br/>	at âœ½.And Create a new order guide with file "USF GP" in adminApp(EtoEfromOrderEdge.feature:29)<br/>Caused by: org.openqa.selenium.NoSuchElementException: no such element: Unable to locate element: {"method":"xpath","selector":"//div[@id='orderguides_2Octs']/..//label[contains(.,'2Oct')]/input"}<br/>  (Session info: chrome=78.0.3904.87)<br/>  (Driver info: chromedriver=78.0.3904.70 (edb9c9f3de0247fd912a77b7f6cae7447f6d3ad5-refs/branch-heads/3904@{#800}),platform=Windows NT 10.0.18362 x86_64) (WARNING: The server did not provide any stacktrace information)<br/>Command duration or timeout: 60.03 seconds<br/>For documentation on this error, please visit: http://seleniumhq.org/exceptions/no_such_element.html<br/>Build info: version: '2.53.0', revision: '35ae25b1534ae328c771e0856c93e187490ca824', time: '2016-03-15 10:43:46'<br/>System info: host: 'LAPTOP-Q8UFPO8Q', ip: '192.168.0.30', os.name: 'Windows 10', os.arch: 'amd64', os.version: '10.0', java.version: '1.8.0_231'<br/>Driver info: org.openqa.selenium.chrome.ChromeDriver<br/>Capabilities [{mobileEmulationEnabled=false, timeouts={implicit=0, pageLoad=300000, script=30000}, hasTouchScreen=false, platform=XP, acceptSslCerts=false, goog:chromeOptions={debuggerAddress=localhost:50976}, acceptInsecureCerts=false, webStorageEnabled=true, browserName=chrome, takesScreenshot=true, javascriptEnabled=true, setWindowRect=true, unexpectedAlertBehaviour=ignore, applicationCacheEnabled=false, rotatable=false, networkConnectionEnabled=false, chrome={chromedriverVersion=78.0.3904.70 (edb9c9f3de0247fd912a77b7f6cae7447f6d3ad5-refs/branch-heads/3904@{#800}), userDataDir=C:\Users\ASHUTOSH\AppData\Local\Temp\scoped_dir12332_850788907}, takesHeapSnapshot=true, pageLoadStrategy=normal, strictFileInteractability=false, databaseEnabled=false, handlesAlerts=true, version=78.0.3904.87, browserConnectionEnabled=false, proxy={}, nativeEvents=true, locationContextEnabled=true, cssSelectorsEnabled=true}]<br/>Session ID: 010e0124bbb99920dcc3d1cbca765fa4<br/>*** Element info: {Using=xpath, value=//div[@id='orderguides_2Octs']/..//label[contains(.,'2Oct')]/input}<br/>	at sun.reflect.NativeConstructorAccessorImpl.newInstance0(Native Method)<br/>	at sun.reflect.NativeConstructorAccessorImpl.newInstance(NativeConstructorAccessorImpl.java:62)<br/>	at sun.reflect.DelegatingConstructorAccessorImpl.newInstance(DelegatingConstructorAccessorImpl.java:45)<br/>	at java.lang.reflect.Constructor.newInstance(Constructor.java:423)<br/>	at org.openqa.selenium.remote.ErrorHandler.createThrowable(ErrorHandler.java:206)<br/>	at org.openqa.selenium.remote.ErrorHandler.throwIfResponseFailed(ErrorHandler.java:158)<br/>	at org.openqa.selenium.remote.RemoteWebDriver.execute(RemoteWebDriver.java:678)<br/>	at org.openqa.selenium.remote.RemoteWebDriver.findElement(RemoteWebDriver.java:363)<br/>	at org.openqa.selenium.remote.RemoteWebDriver.findElementByXPath(RemoteWebDriver.java:500)<br/>	at org.openqa.selenium.By$ByXPath.findElement(By.java:361)<br/>	at org.openqa.selenium.remote.RemoteWebDriver.findElement(RemoteWebDriver.java:355)<br/>	at com.de.ui.elements.UIElement.getWrappedElement(UIElement.java:187)<br/>	at com.de.ui.elements.UIElement.click(UIElement.java:95)<br/>	at com.de.adminApp.pageObjects.OrderGuidePage.addOrderGuide(OrderGuidePage.java:64)<br/>	at com.de.deApp.stepdefinition.EtoEfromOrderEdgeStepDefinition.create_a_new_order_guide_with_file_in_adminApp(EtoEfromOrderEdgeStepDefinition.java:263)<br/>	at sun.reflect.NativeMethodAccessorImpl.invoke0(Native Method)<br/>	at sun.reflect.NativeMethodAccessorImpl.invoke(NativeMethodAccessorImpl.java:62)<br/>	at sun.reflect.DelegatingMethodAccessorImpl.invoke(DelegatingMethodAccessorImpl.java:43)<br/>	at java.lang.reflect.Method.invoke(Method.java:498)<br/>	at cucumber.runtime.Utils$1.call(Utils.java:37)<br/>	at cucumber.runtime.Timeout.timeout(Timeout.java:13)<br/>	at cucumber.runtime.Utils.invoke(Utils.java:31)<br/>	at cucumber.runtime.java.JavaStepDefinition.execute(JavaStepDefinition.java:37)<br/>	at cucumber.runtime.StepDefinitionMatch.runStep(StepDefinitionMatch.java:37)<br/>	at cucumber.runtime.Runtime.runStep(Runtime.java:298)<br/>	at cucumber.runtime.model.StepContainer.runStep(StepContainer.java:44)<br/>	at cucumber.runtime.model.StepContainer.runSteps(StepContainer.java:39)<br/>	at cucumber.runtime.model.CucumberScenario.run(CucumberScenario.java:48)<br/>	at cucumber.runtime.junit.ExecutionUnitRunner.run(ExecutionUnitRunner.java:91)<br/>	at org.junit.runners.Suite.runChild(Suite.java:128)<br/>	at org.junit.runners.Suite.runChild(Suite.java:27)<br/>	at org.junit.runners.ParentRunner$3.run(ParentRunner.java:290)<br/>	at org.junit.runners.ParentRunner$1.schedule(ParentRunner.java:71)<br/>	at org.junit.runners.ParentRunner.runChildren(ParentRunner.java:288)<br/>	at org.junit.runners.ParentRunner.access$000(ParentRunner.java:58)<br/>	at org.junit.runners.ParentRunner$2.evaluate(ParentRunner.java:268)<br/>	at org.junit.runners.ParentRunner.run(ParentRunner.java:363)<br/>	at cucumber.runtime.junit.ExamplesRunner.run(ExamplesRunner.java:59)<br/>	at org.junit.runners.Suite.runChild(Suite.java:128)<br/>	at org.junit.runners.Suite.runChild(Suite.java:27)<br/>	at org.junit.runners.ParentRunner$3.run(ParentRunner.java:290)<br/>	at org.junit.runners.ParentRunner$1.schedule(ParentRunner.java:71)<br/>	at org.junit.runners.ParentRunner.runChildren(ParentRunner.java:288)<br/>	at org.junit.runners.ParentRunner.access$000(ParentRunner.java:58)<br/>	at org.junit.runners.ParentRunner$2.evaluate(ParentRunner.java:268)<br/>	at org.junit.runners.ParentRunner.run(ParentRunner.java:363)<br/>	at cucumber.runtime.junit.ScenarioOutlineRunner.run(ScenarioOutlineRunner.java:53)<br/>	at cucumber.runtime.junit.FeatureRunner.runChild(FeatureRunner.java:63)<br/>	at cucumber.runtime.junit.FeatureRunner.runChild(FeatureRunner.java:18)<br/>	at org.junit.runners.ParentRunner$3.run(ParentRunner.java:290)<br/>	at org.junit.runners.ParentRunner$1.schedule(ParentRunner.java:71)<br/>	at org.junit.runners.ParentRunner.runChildren(ParentRunner.java:288)<br/>	at org.junit.runners.ParentRunner.access$000(ParentRunner.java:58)<br/>	at org.junit.runners.ParentRunner$2.evaluate(ParentRunner.java:268)<br/>	at org.junit.runners.ParentRunner.run(ParentRunner.java:363)<br/>	at cucumber.runtime.junit.FeatureRunner.run(FeatureRunner.java:70)<br/>	at cucumber.api.junit.Cucumber.runChild(Cucumber.java:93)<br/>	at cucumber.api.junit.Cucumber.runChild(Cucumber.java:37)<br/>	at org.junit.runners.ParentRunner$3.run(ParentRunner.java:290)<br/>	at org.junit.runners.ParentRunner$1.schedule(ParentRunner.java:71)<br/>	at org.junit.runners.ParentRunner.runChildren(ParentRunner.java:288)<br/>	at org.junit.runners.ParentRunner.access$000(ParentRunner.java:58)<br/>	at org.junit.runners.ParentRunner$2.evaluate(ParentRunner.java:268)<br/>	at org.junit.runners.ParentRunner.run(ParentRunner.java:363)<br/>	at cucumber.api.junit.Cucumber.run(Cucumber.java:98)<br/>	at org.junit.runner.JUnitCore.run(JUnitCore.java:137)<br/>	at org.junit.runner.JUnitCore.run(JUnitCore.java:115)<br/>	at org.testng.junit.JUnit4TestRunner.start(JUnit4TestRunner.java:81)<br/>	at org.testng.junit.JUnit4TestRunner.run(JUnit4TestRunner.java:69)<br/>	at org.testng.TestRunner$1.run(TestRunner.java:697)<br/>	at org.testng.TestRunner.runJUnitWorkers(TestRunner.java:1004)<br/>	at org.testng.TestRunner.privateRunJUnit(TestRunner.java:728)<br/>	at org.testng.TestRunner.run(TestRunner.java:629)<br/>	at org.testng.SuiteRunner.runTest(SuiteRunner.java:366)<br/>	at org.testng.SuiteRunner.runSequentially(SuiteRunner.java:361)<br/>	at org.testng.SuiteRunner.privateRun(SuiteRunner.java:319)<br/>	at org.testng.SuiteRunner.run(SuiteRunner.java:268)<br/>	at org.testng.SuiteRunnerWorker.runSuite(SuiteRunnerWorker.java:52)<br/>	at org.testng.SuiteRunnerWorker.run(SuiteRunnerWorker.java:86)<br/>	at org.testng.TestNG.runSuitesSequentially(TestNG.java:1244)<br/>	at org.testng.TestNG.runSuitesLocally(TestNG.java:1169)<br/>	at org.testng.TestNG.run(TestNG.java:1064)<br/>	at org.apache.maven.surefire.testng.TestNGExecutor.run(TestNGExecutor.java:115)<br/>	at org.apache.maven.surefire.testng.TestNGDirectoryTestSuite.executeSingleClass(TestNGDirectoryTestSuite.java:129)<br/>	at org.apache.maven.surefire.testng.TestNGDirectoryTestSuite.execute(TestNGDirectoryTestSuite.java:113)<br/>	at org.apache.maven.surefire.testng.TestNGProvider.invoke(TestNGProvider.java:111)<br/>	at org.apache.maven.surefire.booter.ForkedBooter.invokeProviderInSameClassLoader(ForkedBooter.java:203)<br/>	at org.apache.maven.surefire.booter.ForkedBooter.runSuitesInProcess(ForkedBooter.java:155)<br/>	at org.apache.maven.surefire.booter.ForkedBooter.main(ForkedBooter.java:103)<br/></div></div></div>
      
            <div></div>
      <div></div>
          <div class="skipped"><span class="step-keyword">Then  </span><span class="step-name">Verify the created order guide in adminApp</span><span class="step-duration">000ms</span></div>
      
            <div></div>
      <div></div>
          <div class="skipped"><span class="step-keyword">When  </span><span class="step-name">Switch to DE webApp</span><span class="step-duration">000ms</span></div>
      
            <div></div>
      <div></div>
          <div class="skipped"><span class="step-keyword">And  </span><span class="step-name">Go to Order Guides</span><span class="step-duration">000ms</span></div>
      
            <div></div>
      <div></div>
          <div class="skipped"><span class="step-keyword">Then  </span><span class="step-name">Verify the created order guide in DE webApp</span><span class="step-duration">000ms</span></div>
      
            <div></div>
      <div></div>
          <div class="skipped"><span class="step-keyword">When  </span><span class="step-name">Add comparable for a product</span><span class="step-duration">000ms</span></div>
      
            <div></div>
      <div></div>
          <div class="skipped"><span class="step-keyword">And  </span><span class="step-name">Select quantity &quot;10&quot; to order</span><span class="step-duration">000ms</span></div>
      
            <div></div>
      <div></div>
          <div class="skipped"><span class="step-keyword">And  </span><span class="step-name">Go to cart using cart icon</span><span class="step-duration">000ms</span></div>
      
            <div></div>
      <div></div>
          <div class="skipped"><span class="step-keyword">Then  </span><span class="step-name">Verify the product details on checkout page</span><span class="step-duration">000ms</span></div>
      
            <div></div>
      <div></div>
          <div class="skipped"><span class="step-keyword">When  </span><span class="step-name">Submit the Order on checkout page</span><span class="step-duration">000ms</span></div>
      
            <div></div>
      <div></div>
          <div class="skipped"><span class="step-keyword">Then  </span><span class="step-name">Verify the Order details on review page</span><span class="step-duration">000ms</span></div>
      
            <div></div>
      <div></div>
        
    <br>
  </div>


<nav class="navbar navbar-default" id="footer">
  <div class="container-fluid">
    <p class="navbar-text navbar-right">
      <a class="navbar-link" href="https://github.com/jenkinsci/cucumber-reports-plugin">Jenkins Plugin</a> |
      <a class="navbar-link" href="https://github.com/damianszczepanik/cucumber-reporting">Cucumber-JVM Reports</a>
    </p>
  </div>
</nav>

</body>
</html>
